<?xml version="1.0" encoding="UTF-8"?>
<coverage generated="1774882178376" clover="3.2.0">
  <project timestamp="1774882178376" name="All files">
    <metrics statements="131" coveredstatements="129" conditionals="163" coveredconditionals="148" methods="37" coveredmethods="37" elements="331" coveredelements="314" complexity="0" loc="131" ncloc="131" packages="1" files="3" classes="3"/>
    <file name="Place.js" path="D:\Tact\cygwin\home\Tact\pinme\back_end\models\Place.js">
      <metrics statements="43" coveredstatements="43" conditionals="78" coveredconditionals="72" methods="13" coveredmethods="13"/>
      <line num="19" count="18" type="cond" truecount="2" falsecount="0"/>
      <line num="20" count="18" type="stmt"/>
      <line num="21" count="18" type="cond" truecount="2" falsecount="0"/>
      <line num="22" count="18" type="cond" truecount="2" falsecount="0"/>
      <line num="23" count="18" type="cond" truecount="2" falsecount="0"/>
      <line num="24" count="18" type="cond" truecount="2" falsecount="0"/>
      <line num="25" count="18" type="cond" truecount="2" falsecount="0"/>
      <line num="26" count="18" type="cond" truecount="2" falsecount="0"/>
      <line num="27" count="18" type="cond" truecount="2" falsecount="0"/>
      <line num="32" count="8" type="stmt"/>
      <line num="44" count="3" type="cond" truecount="4" falsecount="0"/>
      <line num="49" count="25" type="cond" truecount="4" falsecount="0"/>
      <line num="50" count="1" type="stmt"/>
      <line num="52" count="24" type="stmt"/>
      <line num="53" count="6" type="stmt"/>
      <line num="54" count="6" type="stmt"/>
      <line num="56" count="6" type="stmt"/>
      <line num="58" count="6" type="stmt"/>
      <line num="63" count="4" type="cond" truecount="2" falsecount="0"/>
      <line num="64" count="3" type="stmt"/>
      <line num="69" count="2" type="stmt"/>
      <line num="70" count="2" type="cond" truecount="1" falsecount="1"/>
      <line num="71" count="2" type="stmt"/>
      <line num="76" count="3" type="cond" truecount="2" falsecount="0"/>
      <line num="77" count="2" type="cond" truecount="2" falsecount="0"/>
      <line num="78" count="1" type="stmt"/>
      <line num="80" count="1" type="stmt"/>
      <line num="85" count="24" type="stmt"/>
      <line num="86" count="24" type="cond" truecount="2" falsecount="0"/>
      <line num="87" count="24" type="cond" truecount="2" falsecount="0"/>
      <line num="92" count="10" type="cond" truecount="2" falsecount="0"/>
      <line num="93" count="10" type="cond" truecount="4" falsecount="0"/>
      <line num="94" count="8" type="cond" truecount="5" falsecount="0"/>
      <line num="95" count="5" type="cond" truecount="5" falsecount="0"/>
      <line num="96" count="3" type="stmt"/>
      <line num="101" count="2" type="stmt"/>
      <line num="102" count="2" type="stmt"/>
      <line num="104" count="2" type="cond" truecount="4" falsecount="0"/>
      <line num="106" count="1" type="stmt"/>
      <line num="107" count="1" type="cond" truecount="1" falsecount="1"/>
      <line num="109" count="1" type="stmt"/>
      <line num="124" count="1" type="stmt"/>
      <line num="138" count="1" type="stmt"/>
    </file>
    <file name="SearchQuery.js" path="D:\Tact\cygwin\home\Tact\pinme\back_end\models\SearchQuery.js">
      <metrics statements="21" coveredstatements="21" conditionals="31" coveredconditionals="30" methods="8" coveredmethods="8"/>
      <line num="6" count="1" type="stmt"/>
      <line num="7" count="1" type="stmt"/>
      <line num="8" count="1" type="stmt"/>
      <line num="24" count="26" type="cond" truecount="2" falsecount="0"/>
      <line num="25" count="26" type="cond" truecount="2" falsecount="0"/>
      <line num="26" count="26" type="cond" truecount="2" falsecount="0"/>
      <line num="27" count="26" type="cond" truecount="2" falsecount="0"/>
      <line num="32" count="13" type="stmt"/>
      <line num="43" count="11" type="stmt"/>
      <line num="54" count="4" type="stmt"/>
      <line num="55" count="4" type="cond" truecount="2" falsecount="0"/>
      <line num="56" count="4" type="cond" truecount="2" falsecount="0"/>
      <line num="57" count="4" type="stmt"/>
      <line num="65" count="6" type="cond" truecount="1" falsecount="1"/>
      <line num="70" count="3" type="cond" truecount="4" falsecount="0"/>
      <line num="71" count="2" type="stmt"/>
      <line num="76" count="2" type="stmt"/>
      <line num="77" count="2" type="cond" truecount="2" falsecount="0"/>
      <line num="79" count="1" type="stmt"/>
      <line num="90" count="1" type="stmt"/>
      <line num="99" count="1" type="stmt"/>
    </file>
    <file name="TripPlanner.js" path="D:\Tact\cygwin\home\Tact\pinme\back_end\models\TripPlanner.js">
      <metrics statements="67" coveredstatements="65" conditionals="54" coveredconditionals="46" methods="16" coveredmethods="16"/>
      <line num="7" count="24" type="stmt"/>
      <line num="12" count="130" type="cond" truecount="4" falsecount="0"/>
      <line num="13" count="128" type="stmt"/>
      <line num="14" count="128" type="cond" truecount="2" falsecount="0"/>
      <line num="15" count="126" type="stmt"/>
      <line num="16" count="126" type="cond" truecount="8" falsecount="0"/>
      <line num="17" count="125" type="stmt"/>
      <line num="22" count="11" type="cond" truecount="5" falsecount="0"/>
      <line num="23" count="9" type="stmt"/>
      <line num="24" count="9" type="stmt"/>
      <line num="25" count="9" type="stmt"/>
      <line num="30" count="6" type="stmt"/>
      <line num="31" count="6" type="stmt"/>
      <line num="32" count="6" type="cond" truecount="3" falsecount="1"/>
      <line num="33" count="6" type="stmt"/>
      <line num="38" count="21" type="cond" truecount="5" falsecount="0"/>
      <line num="39" count="2" type="stmt"/>
      <line num="41" count="19" type="stmt"/>
      <line num="42" count="19" type="stmt"/>
      <line num="43" count="19" type="cond" truecount="2" falsecount="0"/>
      <line num="44" count="1" type="stmt"/>
      <line num="46" count="18" type="cond" truecount="1" falsecount="1"/>
      <line num="47" count="0" type="stmt"/>
      <line num="49" count="18" type="cond" truecount="2" falsecount="0"/>
      <line num="50" count="1" type="stmt"/>
      <line num="52" count="17" type="stmt"/>
      <line num="57" count="19" type="stmt"/>
      <line num="58" count="19" type="stmt"/>
      <line num="60" count="19" type="stmt"/>
      <line num="61" count="10" type="stmt"/>
      <line num="62" count="10" type="stmt"/>
      <line num="64" count="10" type="cond" truecount="4" falsecount="0"/>
      <line num="65" count="2" type="stmt"/>
      <line num="72" count="17" type="stmt"/>
      <line num="77" count="17" type="stmt"/>
      <line num="78" count="17" type="cond" truecount="2" falsecount="0"/>
      <line num="79" count="1" type="stmt"/>
      <line num="82" count="16" type="stmt"/>
      <line num="83" count="16" type="cond" truecount="1" falsecount="1"/>
      <line num="84" count="0" type="stmt"/>
      <line num="87" count="16" type="stmt"/>
      <line num="93" count="16" type="stmt"/>
      <line num="98" count="3" type="cond" truecount="4" falsecount="0"/>
      <line num="99" count="1" type="stmt"/>
      <line num="100" count="1" type="stmt"/>
      <line num="105" count="3" type="stmt"/>
      <line num="106" count="4" type="stmt"/>
      <line num="112" count="1" type="stmt"/>
      <line num="113" count="1" type="stmt"/>
      <line num="114" count="1" type="stmt"/>
      <line num="115" count="1" type="stmt"/>
      <line num="117" count="1" type="stmt"/>
      <line num="118" count="2" type="stmt"/>
      <line num="119" count="2" type="stmt"/>
      <line num="120" count="2" type="cond" truecount="1" falsecount="1"/>
      <line num="121" count="2" type="stmt"/>
      <line num="127" count="2" type="stmt"/>
      <line num="130" count="1" type="cond" truecount="1" falsecount="1"/>
      <line num="131" count="1" type="stmt"/>
      <line num="138" count="1" type="stmt"/>
      <line num="143" count="5" type="stmt"/>
      <line num="148" count="3" type="stmt"/>
      <line num="149" count="3" type="stmt"/>
      <line num="150" count="3" type="cond" truecount="1" falsecount="1"/>
      <line num="156" count="1" type="stmt"/>
      <line num="161" count="1" type="stmt"/>
      <line num="169" count="1" type="stmt"/>
    </file>
  </project>
</coverage>
