{"D:\\Tact\\cygwin\\home\\Tact\\pinme\\back_end\\models\\Place.js": {"path":"D:\\Tact\\cygwin\\home\\Tact\\pinme\\back_end\\models\\Place.js","statementMap":{"0":{"start":{"line":19,"column":4},"end":{"line":19,"column":39}},"1":{"start":{"line":20,"column":4},"end":{"line":20,"column":59}},"2":{"start":{"line":21,"column":4},"end":{"line":21,"column":32}},"3":{"start":{"line":22,"column":4},"end":{"line":22,"column":32}},"4":{"start":{"line":23,"column":4},"end":{"line":23,"column":38}},"5":{"start":{"line":24,"column":4},"end":{"line":24,"column":38}},"6":{"start":{"line":25,"column":4},"end":{"line":25,"column":42}},"7":{"start":{"line":26,"column":4},"end":{"line":26,"column":32}},"8":{"start":{"line":27,"column":4},"end":{"line":27,"column":42}},"9":{"start":{"line":32,"column":4},"end":{"line":39,"column":6}},"10":{"start":{"line":44,"column":4},"end":{"line":44,"column":107}},"11":{"start":{"line":49,"column":4},"end":{"line":51,"column":5}},"12":{"start":{"line":49,"column":43},"end":{"line":49,"column":76}},"13":{"start":{"line":50,"column":6},"end":{"line":50,"column":17}},"14":{"start":{"line":52,"column":18},"end":{"line":52,"column":44}},"15":{"start":{"line":52,"column":25},"end":{"line":52,"column":44}},"16":{"start":{"line":53,"column":17},"end":{"line":53,"column":35}},"17":{"start":{"line":54,"column":17},"end":{"line":54,"column":35}},"18":{"start":{"line":56,"column":6},"end":{"line":57,"column":77}},"19":{"start":{"line":58,"column":4},"end":{"line":58,"column":65}},"20":{"start":{"line":63,"column":4},"end":{"line":63,"column":48}},"21":{"start":{"line":63,"column":37},"end":{"line":63,"column":48}},"22":{"start":{"line":64,"column":4},"end":{"line":64,"column":65}},"23":{"start":{"line":69,"column":17},"end":{"line":69,"column":56}},"24":{"start":{"line":70,"column":4},"end":{"line":70,"column":34}},"25":{"start":{"line":70,"column":21},"end":{"line":70,"column":34}},"26":{"start":{"line":71,"column":4},"end":{"line":71,"column":28}},"27":{"start":{"line":76,"column":4},"end":{"line":76,"column":41}},"28":{"start":{"line":76,"column":31},"end":{"line":76,"column":41}},"29":{"start":{"line":77,"column":4},"end":{"line":79,"column":5}},"30":{"start":{"line":78,"column":6},"end":{"line":78,"column":67}},"31":{"start":{"line":80,"column":4},"end":{"line":80,"column":57}},"32":{"start":{"line":85,"column":28},"end":{"line":85,"column":71}},"33":{"start":{"line":86,"column":16},"end":{"line":86,"column":53}},"34":{"start":{"line":87,"column":4},"end":{"line":87,"column":57}},"35":{"start":{"line":92,"column":14},"end":{"line":92,"column":43}},"36":{"start":{"line":93,"column":4},"end":{"line":93,"column":68}},"37":{"start":{"line":93,"column":53},"end":{"line":93,"column":68}},"38":{"start":{"line":94,"column":4},"end":{"line":94,"column":98}},"39":{"start":{"line":94,"column":78},"end":{"line":94,"column":98}},"40":{"start":{"line":95,"column":4},"end":{"line":95,"column":90}},"41":{"start":{"line":95,"column":75},"end":{"line":95,"column":90}},"42":{"start":{"line":96,"column":4},"end":{"line":96,"column":21}},"43":{"start":{"line":101,"column":16},"end":{"line":101,"column":45}},"44":{"start":{"line":102,"column":16},"end":{"line":102,"column":46}},"45":{"start":{"line":104,"column":4},"end":{"line":104,"column":48}},"46":{"start":{"line":104,"column":36},"end":{"line":104,"column":48}},"47":{"start":{"line":106,"column":21},"end":{"line":106,"column":76}},"48":{"start":{"line":107,"column":21},"end":{"line":107,"column":65}},"49":{"start":{"line":109,"column":4},"end":{"line":119,"column":7}},"50":{"start":{"line":124,"column":4},"end":{"line":134,"column":6}},"51":{"start":{"line":138,"column":0},"end":{"line":138,"column":23}}},"fnMap":{"0":{"name":"(anonymous_0)","decl":{"start":{"line":18,"column":2},"end":{"line":18,"column":3}},"loc":{"start":{"line":18,"column":25},"end":{"line":28,"column":3}},"line":18},"1":{"name":"(anonymous_1)","decl":{"start":{"line":31,"column":2},"end":{"line":31,"column":3}},"loc":{"start":{"line":31,"column":24},"end":{"line":40,"column":3}},"line":31},"2":{"name":"(anonymous_2)","decl":{"start":{"line":43,"column":2},"end":{"line":43,"column":3}},"loc":{"start":{"line":43,"column":14},"end":{"line":45,"column":3}},"line":43},"3":{"name":"(anonymous_3)","decl":{"start":{"line":48,"column":2},"end":{"line":48,"column":3}},"loc":{"start":{"line":48,"column":51},"end":{"line":59,"column":3}},"line":48},"4":{"name":"(anonymous_4)","decl":{"start":{"line":49,"column":38},"end":{"line":49,"column":39}},"loc":{"start":{"line":49,"column":43},"end":{"line":49,"column":76}},"line":49},"5":{"name":"(anonymous_5)","decl":{"start":{"line":52,"column":18},"end":{"line":52,"column":19}},"loc":{"start":{"line":52,"column":25},"end":{"line":52,"column":44}},"line":52},"6":{"name":"(anonymous_6)","decl":{"start":{"line":62,"column":2},"end":{"line":62,"column":3}},"loc":{"start":{"line":62,"column":25},"end":{"line":65,"column":3}},"line":62},"7":{"name":"(anonymous_7)","decl":{"start":{"line":68,"column":2},"end":{"line":68,"column":3}},"loc":{"start":{"line":68,"column":49},"end":{"line":72,"column":3}},"line":68},"8":{"name":"(anonymous_8)","decl":{"start":{"line":75,"column":2},"end":{"line":75,"column":3}},"loc":{"start":{"line":75,"column":57},"end":{"line":81,"column":3}},"line":75},"9":{"name":"(anonymous_9)","decl":{"start":{"line":84,"column":2},"end":{"line":84,"column":3}},"loc":{"start":{"line":84,"column":37},"end":{"line":88,"column":3}},"line":84},"10":{"name":"(anonymous_10)","decl":{"start":{"line":91,"column":2},"end":{"line":91,"column":3}},"loc":{"start":{"line":91,"column":41},"end":{"line":97,"column":3}},"line":91},"11":{"name":"(anonymous_11)","decl":{"start":{"line":100,"column":2},"end":{"line":100,"column":3}},"loc":{"start":{"line":100,"column":54},"end":{"line":120,"column":3}},"line":100},"12":{"name":"(anonymous_12)","decl":{"start":{"line":123,"column":2},"end":{"line":123,"column":3}},"loc":{"start":{"line":123,"column":11},"end":{"line":135,"column":3}},"line":123}},"branchMap":{"0":{"loc":{"start":{"line":18,"column":14},"end":{"line":18,"column":23}},"type":"default-arg","locations":[{"start":{"line":18,"column":21},"end":{"line":18,"column":23}}],"line":18},"1":{"loc":{"start":{"line":19,"column":16},"end":{"line":19,"column":38}},"type":"binary-expr","locations":[{"start":{"line":19,"column":16},"end":{"line":19,"column":25}},{"start":{"line":19,"column":29},"end":{"line":19,"column":38}}],"line":19},"2":{"loc":{"start":{"line":21,"column":15},"end":{"line":21,"column":31}},"type":"binary-expr","locations":[{"start":{"line":21,"column":15},"end":{"line":21,"column":23}},{"start":{"line":21,"column":27},"end":{"line":21,"column":31}}],"line":21},"3":{"loc":{"start":{"line":22,"column":15},"end":{"line":22,"column":31}},"type":"binary-expr","locations":[{"start":{"line":22,"column":15},"end":{"line":22,"column":23}},{"start":{"line":22,"column":27},"end":{"line":22,"column":31}}],"line":22},"4":{"loc":{"start":{"line":23,"column":19},"end":{"line":23,"column":37}},"type":"binary-expr","locations":[{"start":{"line":23,"column":19},"end":{"line":23,"column":31}},{"start":{"line":23,"column":35},"end":{"line":23,"column":37}}],"line":23},"5":{"loc":{"start":{"line":24,"column":18},"end":{"line":24,"column":37}},"type":"binary-expr","locations":[{"start":{"line":24,"column":18},"end":{"line":24,"column":29}},{"start":{"line":24,"column":33},"end":{"line":24,"column":37}}],"line":24},"6":{"loc":{"start":{"line":25,"column":20},"end":{"line":25,"column":41}},"type":"binary-expr","locations":[{"start":{"line":25,"column":20},"end":{"line":25,"column":33}},{"start":{"line":25,"column":37},"end":{"line":25,"column":41}}],"line":25},"7":{"loc":{"start":{"line":26,"column":16},"end":{"line":26,"column":31}},"type":"binary-expr","locations":[{"start":{"line":26,"column":16},"end":{"line":26,"column":25}},{"start":{"line":26,"column":29},"end":{"line":26,"column":31}}],"line":26},"8":{"loc":{"start":{"line":27,"column":21},"end":{"line":27,"column":41}},"type":"binary-expr","locations":[{"start":{"line":27,"column":21},"end":{"line":27,"column":35}},{"start":{"line":27,"column":39},"end":{"line":27,"column":41}}],"line":27},"9":{"loc":{"start":{"line":33,"column":6},"end":{"line":38,"column":41}},"type":"binary-expr","locations":[{"start":{"line":33,"column":6},"end":{"line":33,"column":23}},{"start":{"line":34,"column":6},"end":{"line":34,"column":23}},{"start":{"line":35,"column":6},"end":{"line":35,"column":34}},{"start":{"line":36,"column":6},"end":{"line":36,"column":34}},{"start":{"line":37,"column":6},"end":{"line":37,"column":21}},{"start":{"line":37,"column":25},"end":{"line":37,"column":39}},{"start":{"line":38,"column":6},"end":{"line":38,"column":22}},{"start":{"line":38,"column":26},"end":{"line":38,"column":41}}],"line":33},"10":{"loc":{"start":{"line":44,"column":11},"end":{"line":44,"column":106}},"type":"binary-expr","locations":[{"start":{"line":44,"column":11},"end":{"line":44,"column":31}},{"start":{"line":44,"column":35},"end":{"line":44,"column":66}},{"start":{"line":44,"column":70},"end":{"line":44,"column":86}},{"start":{"line":44,"column":90},"end":{"line":44,"column":106}}],"line":44},"11":{"loc":{"start":{"line":49,"column":4},"end":{"line":51,"column":5}},"type":"if","locations":[{"start":{"line":49,"column":4},"end":{"line":51,"column":5}},{"start":{},"end":{}}],"line":49},"12":{"loc":{"start":{"line":49,"column":43},"end":{"line":49,"column":76}},"type":"binary-expr","locations":[{"start":{"line":49,"column":43},"end":{"line":49,"column":64}},{"start":{"line":49,"column":68},"end":{"line":49,"column":76}}],"line":49},"13":{"loc":{"start":{"line":63,"column":4},"end":{"line":63,"column":48}},"type":"if","locations":[{"start":{"line":63,"column":4},"end":{"line":63,"column":48}},{"start":{},"end":{}}],"line":63},"14":{"loc":{"start":{"line":70,"column":4},"end":{"line":70,"column":34}},"type":"if","locations":[{"start":{"line":70,"column":4},"end":{"line":70,"column":34}},{"start":{},"end":{}}],"line":70},"15":{"loc":{"start":{"line":75,"column":18},"end":{"line":75,"column":55}},"type":"default-arg","locations":[{"start":{"line":75,"column":25},"end":{"line":75,"column":55}}],"line":75},"16":{"loc":{"start":{"line":76,"column":4},"end":{"line":76,"column":41}},"type":"if","locations":[{"start":{"line":76,"column":4},"end":{"line":76,"column":41}},{"start":{},"end":{}}],"line":76},"17":{"loc":{"start":{"line":77,"column":4},"end":{"line":79,"column":5}},"type":"if","locations":[{"start":{"line":77,"column":4},"end":{"line":79,"column":5}},{"start":{},"end":{}}],"line":77},"18":{"loc":{"start":{"line":86,"column":17},"end":{"line":86,"column":31}},"type":"binary-expr","locations":[{"start":{"line":86,"column":17},"end":{"line":86,"column":25}},{"start":{"line":86,"column":29},"end":{"line":86,"column":31}}],"line":86},"19":{"loc":{"start":{"line":87,"column":11},"end":{"line":87,"column":56}},"type":"cond-expr","locations":[{"start":{"line":87,"column":43},"end":{"line":87,"column":46}},{"start":{"line":87,"column":49},"end":{"line":87,"column":56}}],"line":87},"20":{"loc":{"start":{"line":92,"column":15},"end":{"line":92,"column":28}},"type":"binary-expr","locations":[{"start":{"line":92,"column":15},"end":{"line":92,"column":22}},{"start":{"line":92,"column":26},"end":{"line":92,"column":28}}],"line":92},"21":{"loc":{"start":{"line":93,"column":4},"end":{"line":93,"column":68}},"type":"if","locations":[{"start":{"line":93,"column":4},"end":{"line":93,"column":68}},{"start":{},"end":{}}],"line":93},"22":{"loc":{"start":{"line":93,"column":8},"end":{"line":93,"column":51}},"type":"binary-expr","locations":[{"start":{"line":93,"column":8},"end":{"line":93,"column":27}},{"start":{"line":93,"column":31},"end":{"line":93,"column":51}}],"line":93},"23":{"loc":{"start":{"line":94,"column":4},"end":{"line":94,"column":98}},"type":"if","locations":[{"start":{"line":94,"column":4},"end":{"line":94,"column":98}},{"start":{},"end":{}}],"line":94},"24":{"loc":{"start":{"line":94,"column":8},"end":{"line":94,"column":76}},"type":"binary-expr","locations":[{"start":{"line":94,"column":8},"end":{"line":94,"column":32}},{"start":{"line":94,"column":36},"end":{"line":94,"column":54}},{"start":{"line":94,"column":58},"end":{"line":94,"column":76}}],"line":94},"25":{"loc":{"start":{"line":95,"column":4},"end":{"line":95,"column":90}},"type":"if","locations":[{"start":{"line":95,"column":4},"end":{"line":95,"column":90}},{"start":{},"end":{}}],"line":95},"26":{"loc":{"start":{"line":95,"column":8},"end":{"line":95,"column":73}},"type":"binary-expr","locations":[{"start":{"line":95,"column":8},"end":{"line":95,"column":25}},{"start":{"line":95,"column":29},"end":{"line":95,"column":48}},{"start":{"line":95,"column":52},"end":{"line":95,"column":73}}],"line":95},"27":{"loc":{"start":{"line":104,"column":4},"end":{"line":104,"column":48}},"type":"if","locations":[{"start":{"line":104,"column":4},"end":{"line":104,"column":48}},{"start":{},"end":{}}],"line":104},"28":{"loc":{"start":{"line":104,"column":8},"end":{"line":104,"column":34}},"type":"binary-expr","locations":[{"start":{"line":104,"column":8},"end":{"line":104,"column":19}},{"start":{"line":104,"column":23},"end":{"line":104,"column":34}}],"line":104},"29":{"loc":{"start":{"line":107,"column":50},"end":{"line":107,"column":64}},"type":"binary-expr","locations":[{"start":{"line":107,"column":50},"end":{"line":107,"column":58}},{"start":{"line":107,"column":62},"end":{"line":107,"column":64}}],"line":107},"30":{"loc":{"start":{"line":110,"column":12},"end":{"line":110,"column":34}},"type":"binary-expr","locations":[{"start":{"line":110,"column":12},"end":{"line":110,"column":21}},{"start":{"line":110,"column":25},"end":{"line":110,"column":34}}],"line":110},"31":{"loc":{"start":{"line":114,"column":15},"end":{"line":114,"column":32}},"type":"binary-expr","locations":[{"start":{"line":114,"column":15},"end":{"line":114,"column":26}},{"start":{"line":114,"column":30},"end":{"line":114,"column":32}}],"line":114},"32":{"loc":{"start":{"line":115,"column":14},"end":{"line":115,"column":32}},"type":"binary-expr","locations":[{"start":{"line":115,"column":14},"end":{"line":115,"column":24}},{"start":{"line":115,"column":28},"end":{"line":115,"column":32}}],"line":115},"33":{"loc":{"start":{"line":117,"column":12},"end":{"line":117,"column":26}},"type":"binary-expr","locations":[{"start":{"line":117,"column":12},"end":{"line":117,"column":20}},{"start":{"line":117,"column":24},"end":{"line":117,"column":26}}],"line":117},"34":{"loc":{"start":{"line":118,"column":17},"end":{"line":118,"column":36}},"type":"binary-expr","locations":[{"start":{"line":118,"column":17},"end":{"line":118,"column":30}},{"start":{"line":118,"column":34},"end":{"line":118,"column":36}}],"line":118}},"s":{"0":18,"1":18,"2":18,"3":18,"4":18,"5":18,"6":18,"7":18,"8":18,"9":8,"10":3,"11":7,"12":25,"13":1,"14":6,"15":24,"16":6,"17":6,"18":6,"19":6,"20":4,"21":1,"22":3,"23":2,"24":2,"25":0,"26":2,"27":3,"28":1,"29":2,"30":1,"31":1,"32":24,"33":24,"34":24,"35":10,"36":10,"37":2,"38":8,"39":3,"40":5,"41":2,"42":3,"43":2,"44":2,"45":2,"46":1,"47":1,"48":1,"49":1,"50":1,"51":1},"f":{"0":18,"1":8,"2":3,"3":7,"4":25,"5":24,"6":4,"7":2,"8":3,"9":24,"10":10,"11":2,"12":1},"b":{"0":[5],"1":[18,15],"2":[18,9],"3":[18,9],"4":[18,16],"5":[18,13],"6":[18,14],"7":[18,16],"8":[18,17],"9":[8,6,6,6,6,6,5,5],"10":[3,2,2,2],"11":[1,6],"12":[25,24],"13":[1,3],"14":[0,2],"15":[3],"16":[1,2],"17":[1,1],"18":[24,17],"19":[6,18],"20":[10,1],"21":[2,8],"22":[10,9],"23":[3,5],"24":[8,7,6],"25":[2,3],"26":[5,4,4],"27":[1,1],"28":[2,1],"29":[1,0],"30":[1,0],"31":[1,0],"32":[1,0],"33":[1,0],"34":[1,1]},"_coverageSchema":"1a1c01bbd47fc00a2c39e90264f33305004495a9","hash":"136439a5150f6225ceb99db1b58e2aa00ddb6b9d"}
,"D:\\Tact\\cygwin\\home\\Tact\\pinme\\back_end\\models\\SearchQuery.js": {"path":"D:\\Tact\\cygwin\\home\\Tact\\pinme\\back_end\\models\\SearchQuery.js","statementMap":{"0":{"start":{"line":6,"column":28},"end":{"line":6,"column":78}},"1":{"start":{"line":7,"column":23},"end":{"line":7,"column":32}},"2":{"start":{"line":8,"column":28},"end":{"line":14,"column":3}},"3":{"start":{"line":24,"column":4},"end":{"line":24,"column":42}},"4":{"start":{"line":25,"column":4},"end":{"line":25,"column":44}},"5":{"start":{"line":26,"column":4},"end":{"line":26,"column":35}},"6":{"start":{"line":27,"column":4},"end":{"line":27,"column":97}},"7":{"start":{"line":32,"column":4},"end":{"line":38,"column":6}},"8":{"start":{"line":43,"column":4},"end":{"line":49,"column":6}},"9":{"start":{"line":54,"column":19},"end":{"line":54,"column":21}},"10":{"start":{"line":55,"column":4},"end":{"line":55,"column":65}},"11":{"start":{"line":55,"column":33},"end":{"line":55,"column":65}},"12":{"start":{"line":56,"column":4},"end":{"line":56,"column":67}},"13":{"start":{"line":56,"column":34},"end":{"line":56,"column":67}},"14":{"start":{"line":57,"column":4},"end":{"line":60,"column":6}},"15":{"start":{"line":65,"column":4},"end":{"line":65,"column":91}},"16":{"start":{"line":70,"column":4},"end":{"line":70,"column":71}},"17":{"start":{"line":70,"column":61},"end":{"line":70,"column":71}},"18":{"start":{"line":71,"column":4},"end":{"line":71,"column":53}},"19":{"start":{"line":76,"column":23},"end":{"line":76,"column":38}},"20":{"start":{"line":77,"column":4},"end":{"line":77,"column":39}},"21":{"start":{"line":77,"column":27},"end":{"line":77,"column":39}},"22":{"start":{"line":79,"column":4},"end":{"line":85,"column":6}},"23":{"start":{"line":90,"column":4},"end":{"line":95,"column":6}},"24":{"start":{"line":99,"column":0},"end":{"line":99,"column":29}}},"fnMap":{"0":{"name":"(anonymous_0)","decl":{"start":{"line":23,"column":2},"end":{"line":23,"column":3}},"loc":{"start":{"line":23,"column":25},"end":{"line":28,"column":3}},"line":23},"1":{"name":"(anonymous_1)","decl":{"start":{"line":31,"column":2},"end":{"line":31,"column":3}},"loc":{"start":{"line":31,"column":20},"end":{"line":39,"column":3}},"line":31},"2":{"name":"(anonymous_2)","decl":{"start":{"line":42,"column":2},"end":{"line":42,"column":3}},"loc":{"start":{"line":42,"column":21},"end":{"line":50,"column":3}},"line":42},"3":{"name":"(anonymous_3)","decl":{"start":{"line":53,"column":2},"end":{"line":53,"column":3}},"loc":{"start":{"line":53,"column":13},"end":{"line":61,"column":3}},"line":53},"4":{"name":"(anonymous_4)","decl":{"start":{"line":64,"column":2},"end":{"line":64,"column":3}},"loc":{"start":{"line":64,"column":19},"end":{"line":66,"column":3}},"line":64},"5":{"name":"(anonymous_5)","decl":{"start":{"line":69,"column":2},"end":{"line":69,"column":3}},"loc":{"start":{"line":69,"column":20},"end":{"line":72,"column":3}},"line":69},"6":{"name":"(anonymous_6)","decl":{"start":{"line":75,"column":2},"end":{"line":75,"column":3}},"loc":{"start":{"line":75,"column":26},"end":{"line":86,"column":3}},"line":75},"7":{"name":"(anonymous_7)","decl":{"start":{"line":89,"column":2},"end":{"line":89,"column":3}},"loc":{"start":{"line":89,"column":11},"end":{"line":96,"column":3}},"line":89}},"branchMap":{"0":{"loc":{"start":{"line":23,"column":14},"end":{"line":23,"column":23}},"type":"default-arg","locations":[{"start":{"line":23,"column":21},"end":{"line":23,"column":23}}],"line":23},"1":{"loc":{"start":{"line":24,"column":20},"end":{"line":24,"column":41}},"type":"binary-expr","locations":[{"start":{"line":24,"column":20},"end":{"line":24,"column":33}},{"start":{"line":24,"column":37},"end":{"line":24,"column":41}}],"line":24},"2":{"loc":{"start":{"line":25,"column":21},"end":{"line":25,"column":43}},"type":"binary-expr","locations":[{"start":{"line":25,"column":21},"end":{"line":25,"column":35}},{"start":{"line":25,"column":39},"end":{"line":25,"column":43}}],"line":25},"3":{"loc":{"start":{"line":26,"column":18},"end":{"line":26,"column":34}},"type":"binary-expr","locations":[{"start":{"line":26,"column":18},"end":{"line":26,"column":29}},{"start":{"line":26,"column":33},"end":{"line":26,"column":34}}],"line":26},"4":{"loc":{"start":{"line":27,"column":20},"end":{"line":27,"column":96}},"type":"cond-expr","locations":[{"start":{"line":27,"column":75},"end":{"line":27,"column":88}},{"start":{"line":27,"column":91},"end":{"line":27,"column":96}}],"line":27},"5":{"loc":{"start":{"line":33,"column":6},"end":{"line":37,"column":25}},"type":"binary-expr","locations":[{"start":{"line":33,"column":6},"end":{"line":33,"column":28}},{"start":{"line":34,"column":6},"end":{"line":34,"column":39}},{"start":{"line":35,"column":6},"end":{"line":35,"column":27}},{"start":{"line":36,"column":6},"end":{"line":36,"column":26}},{"start":{"line":37,"column":6},"end":{"line":37,"column":25}}],"line":33},"6":{"loc":{"start":{"line":44,"column":6},"end":{"line":48,"column":27}},"type":"binary-expr","locations":[{"start":{"line":44,"column":6},"end":{"line":44,"column":29}},{"start":{"line":45,"column":6},"end":{"line":45,"column":40}},{"start":{"line":46,"column":6},"end":{"line":46,"column":28}},{"start":{"line":47,"column":6},"end":{"line":47,"column":28}},{"start":{"line":48,"column":6},"end":{"line":48,"column":27}}],"line":44},"7":{"loc":{"start":{"line":55,"column":4},"end":{"line":55,"column":65}},"type":"if","locations":[{"start":{"line":55,"column":4},"end":{"line":55,"column":65}},{"start":{},"end":{}}],"line":55},"8":{"loc":{"start":{"line":56,"column":4},"end":{"line":56,"column":67}},"type":"if","locations":[{"start":{"line":56,"column":4},"end":{"line":56,"column":67}},{"start":{},"end":{}}],"line":56},"9":{"loc":{"start":{"line":65,"column":11},"end":{"line":65,"column":90}},"type":"binary-expr","locations":[{"start":{"line":65,"column":11},"end":{"line":65,"column":54}},{"start":{"line":65,"column":58},"end":{"line":65,"column":90}}],"line":65},"10":{"loc":{"start":{"line":70,"column":4},"end":{"line":70,"column":71}},"type":"if","locations":[{"start":{"line":70,"column":4},"end":{"line":70,"column":71}},{"start":{},"end":{}}],"line":70},"11":{"loc":{"start":{"line":70,"column":8},"end":{"line":70,"column":59}},"type":"binary-expr","locations":[{"start":{"line":70,"column":8},"end":{"line":70,"column":31}},{"start":{"line":70,"column":35},"end":{"line":70,"column":59}}],"line":70},"12":{"loc":{"start":{"line":77,"column":4},"end":{"line":77,"column":39}},"type":"if","locations":[{"start":{"line":77,"column":4},"end":{"line":77,"column":39}},{"start":{},"end":{}}],"line":77}},"s":{"0":1,"1":1,"2":1,"3":26,"4":26,"5":26,"6":26,"7":13,"8":11,"9":4,"10":4,"11":2,"12":4,"13":2,"14":4,"15":6,"16":3,"17":1,"18":2,"19":2,"20":2,"21":1,"22":1,"23":1,"24":1},"f":{"0":26,"1":13,"2":11,"3":4,"4":6,"5":3,"6":2,"7":1},"b":{"0":[4],"1":[26,16],"2":[26,17],"3":[26,24],"4":[8,18],"5":[13,9,9,9,8],"6":[11,8,8,8,8],"7":[2,2],"8":[2,2],"9":[6,0],"10":[1,2],"11":[3,2],"12":[1,1]},"_coverageSchema":"1a1c01bbd47fc00a2c39e90264f33305004495a9","hash":"9cf4a45ae09d9dcbddf33759290592a3b25f72a2"}
,"D:\\Tact\\cygwin\\home\\Tact\\pinme\\back_end\\models\\TripPlanner.js": {"path":"D:\\Tact\\cygwin\\home\\Tact\\pinme\\back_end\\models\\TripPlanner.js","statementMap":{"0":{"start":{"line":7,"column":4},"end":{"line":7,"column":25}},"1":{"start":{"line":12,"column":4},"end":{"line":12,"column":60}},"2":{"start":{"line":12,"column":49},"end":{"line":12,"column":60}},"3":{"start":{"line":13,"column":18},"end":{"line":13,"column":36}},"4":{"start":{"line":14,"column":4},"end":{"line":14,"column":39}},"5":{"start":{"line":14,"column":28},"end":{"line":14,"column":39}},"6":{"start":{"line":15,"column":19},"end":{"line":15,"column":36}},"7":{"start":{"line":16,"column":4},"end":{"line":16,"column":79}},"8":{"start":{"line":16,"column":68},"end":{"line":16,"column":79}},"9":{"start":{"line":17,"column":4},"end":{"line":17,"column":22}},"10":{"start":{"line":22,"column":4},"end":{"line":22,"column":80}},"11":{"start":{"line":22,"column":70},"end":{"line":22,"column":80}},"12":{"start":{"line":23,"column":14},"end":{"line":23,"column":43}},"13":{"start":{"line":24,"column":14},"end":{"line":24,"column":26}},"14":{"start":{"line":25,"column":4},"end":{"line":25,"column":73}},"15":{"start":{"line":30,"column":18},"end":{"line":30,"column":49}},"16":{"start":{"line":31,"column":16},"end":{"line":31,"column":45}},"17":{"start":{"line":32,"column":4},"end":{"line":32,"column":47}},"18":{"start":{"line":32,"column":36},"end":{"line":32,"column":47}},"19":{"start":{"line":33,"column":4},"end":{"line":33,"column":23}},"20":{"start":{"line":38,"column":4},"end":{"line":40,"column":5}},"21":{"start":{"line":39,"column":6},"end":{"line":39,"column":51}},"22":{"start":{"line":41,"column":18},"end":{"line":41,"column":49}},"23":{"start":{"line":42,"column":16},"end":{"line":42,"column":45}},"24":{"start":{"line":43,"column":4},"end":{"line":45,"column":5}},"25":{"start":{"line":44,"column":6},"end":{"line":44,"column":59}},"26":{"start":{"line":46,"column":4},"end":{"line":48,"column":5}},"27":{"start":{"line":47,"column":6},"end":{"line":47,"column":57}},"28":{"start":{"line":49,"column":4},"end":{"line":51,"column":5}},"29":{"start":{"line":50,"column":6},"end":{"line":50,"column":57}},"30":{"start":{"line":52,"column":4},"end":{"line":52,"column":40}},"31":{"start":{"line":57,"column":21},"end":{"line":57,"column":52}},"32":{"start":{"line":58,"column":19},"end":{"line":58,"column":48}},"33":{"start":{"line":60,"column":4},"end":{"line":70,"column":5}},"34":{"start":{"line":61,"column":24},"end":{"line":61,"column":57}},"35":{"start":{"line":62,"column":22},"end":{"line":62,"column":53}},"36":{"start":{"line":64,"column":6},"end":{"line":69,"column":7}},"37":{"start":{"line":65,"column":8},"end":{"line":68,"column":10}},"38":{"start":{"line":72,"column":4},"end":{"line":72,"column":51}},"39":{"start":{"line":77,"column":23},"end":{"line":77,"column":68}},"40":{"start":{"line":78,"column":4},"end":{"line":80,"column":5}},"41":{"start":{"line":79,"column":6},"end":{"line":79,"column":57}},"42":{"start":{"line":82,"column":20},"end":{"line":82,"column":55}},"43":{"start":{"line":83,"column":4},"end":{"line":85,"column":5}},"44":{"start":{"line":84,"column":6},"end":{"line":84,"column":86}},"45":{"start":{"line":87,"column":4},"end":{"line":91,"column":7}},"46":{"start":{"line":93,"column":4},"end":{"line":93,"column":29}},"47":{"start":{"line":98,"column":4},"end":{"line":98,"column":67}},"48":{"start":{"line":98,"column":54},"end":{"line":98,"column":67}},"49":{"start":{"line":99,"column":4},"end":{"line":99,"column":37}},"50":{"start":{"line":100,"column":4},"end":{"line":100,"column":16}},"51":{"start":{"line":105,"column":4},"end":{"line":107,"column":6}},"52":{"start":{"line":106,"column":16},"end":{"line":106,"column":79}},"53":{"start":{"line":112,"column":19},"end":{"line":112,"column":45}},"54":{"start":{"line":113,"column":18},"end":{"line":113,"column":20}},"55":{"start":{"line":114,"column":17},"end":{"line":114,"column":51}},"56":{"start":{"line":115,"column":19},"end":{"line":115,"column":51}},"57":{"start":{"line":117,"column":4},"end":{"line":128,"column":5}},"58":{"start":{"line":118,"column":23},"end":{"line":118,"column":55}},"59":{"start":{"line":119,"column":21},"end":{"line":119,"column":51}},"60":{"start":{"line":120,"column":6},"end":{"line":126,"column":7}},"61":{"start":{"line":121,"column":8},"end":{"line":125,"column":11}},"62":{"start":{"line":127,"column":6},"end":{"line":127,"column":40}},"63":{"start":{"line":130,"column":4},"end":{"line":136,"column":5}},"64":{"start":{"line":131,"column":6},"end":{"line":135,"column":9}},"65":{"start":{"line":138,"column":4},"end":{"line":138,"column":17}},"66":{"start":{"line":143,"column":4},"end":{"line":143,"column":34}},"67":{"start":{"line":148,"column":4},"end":{"line":151,"column":10}},"68":{"start":{"line":149,"column":18},"end":{"line":149,"column":61}},"69":{"start":{"line":150,"column":6},"end":{"line":150,"column":42}},"70":{"start":{"line":156,"column":4},"end":{"line":156,"column":25}},"71":{"start":{"line":161,"column":4},"end":{"line":165,"column":6}},"72":{"start":{"line":169,"column":0},"end":{"line":169,"column":29}}},"fnMap":{"0":{"name":"(anonymous_0)","decl":{"start":{"line":6,"column":2},"end":{"line":6,"column":3}},"loc":{"start":{"line":6,"column":16},"end":{"line":8,"column":3}},"line":6},"1":{"name":"(anonymous_1)","decl":{"start":{"line":11,"column":2},"end":{"line":11,"column":3}},"loc":{"start":{"line":11,"column":28},"end":{"line":18,"column":3}},"line":11},"2":{"name":"(anonymous_2)","decl":{"start":{"line":21,"column":2},"end":{"line":21,"column":3}},"loc":{"start":{"line":21,"column":32},"end":{"line":26,"column":3}},"line":21},"3":{"name":"(anonymous_3)","decl":{"start":{"line":29,"column":2},"end":{"line":29,"column":3}},"loc":{"start":{"line":29,"column":39},"end":{"line":34,"column":3}},"line":29},"4":{"name":"(anonymous_4)","decl":{"start":{"line":37,"column":2},"end":{"line":37,"column":3}},"loc":{"start":{"line":37,"column":43},"end":{"line":53,"column":3}},"line":37},"5":{"name":"(anonymous_5)","decl":{"start":{"line":56,"column":2},"end":{"line":56,"column":3}},"loc":{"start":{"line":56,"column":33},"end":{"line":73,"column":3}},"line":56},"6":{"name":"(anonymous_6)","decl":{"start":{"line":76,"column":2},"end":{"line":76,"column":3}},"loc":{"start":{"line":76,"column":38},"end":{"line":94,"column":3}},"line":76},"7":{"name":"(anonymous_7)","decl":{"start":{"line":97,"column":2},"end":{"line":97,"column":3}},"loc":{"start":{"line":97,"column":24},"end":{"line":101,"column":3}},"line":97},"8":{"name":"(anonymous_8)","decl":{"start":{"line":104,"column":2},"end":{"line":104,"column":3}},"loc":{"start":{"line":104,"column":24},"end":{"line":108,"column":3}},"line":104},"9":{"name":"(anonymous_9)","decl":{"start":{"line":106,"column":6},"end":{"line":106,"column":7}},"loc":{"start":{"line":106,"column":16},"end":{"line":106,"column":79}},"line":106},"10":{"name":"(anonymous_10)","decl":{"start":{"line":111,"column":2},"end":{"line":111,"column":3}},"loc":{"start":{"line":111,"column":63},"end":{"line":139,"column":3}},"line":111},"11":{"name":"(anonymous_11)","decl":{"start":{"line":142,"column":2},"end":{"line":142,"column":3}},"loc":{"start":{"line":142,"column":14},"end":{"line":144,"column":3}},"line":142},"12":{"name":"(anonymous_12)","decl":{"start":{"line":147,"column":2},"end":{"line":147,"column":3}},"loc":{"start":{"line":147,"column":21},"end":{"line":152,"column":3}},"line":147},"13":{"name":"(anonymous_13)","decl":{"start":{"line":148,"column":34},"end":{"line":148,"column":35}},"loc":{"start":{"line":148,"column":48},"end":{"line":151,"column":5}},"line":148},"14":{"name":"(anonymous_14)","decl":{"start":{"line":155,"column":2},"end":{"line":155,"column":3}},"loc":{"start":{"line":155,"column":13},"end":{"line":157,"column":3}},"line":155},"15":{"name":"(anonymous_15)","decl":{"start":{"line":160,"column":2},"end":{"line":160,"column":3}},"loc":{"start":{"line":160,"column":11},"end":{"line":166,"column":3}},"line":160}},"branchMap":{"0":{"loc":{"start":{"line":12,"column":4},"end":{"line":12,"column":60}},"type":"if","locations":[{"start":{"line":12,"column":4},"end":{"line":12,"column":60}},{"start":{},"end":{}}],"line":12},"1":{"loc":{"start":{"line":12,"column":8},"end":{"line":12,"column":47}},"type":"binary-expr","locations":[{"start":{"line":12,"column":8},"end":{"line":12,"column":16}},{"start":{"line":12,"column":20},"end":{"line":12,"column":47}}],"line":12},"2":{"loc":{"start":{"line":14,"column":4},"end":{"line":14,"column":39}},"type":"if","locations":[{"start":{"line":14,"column":4},"end":{"line":14,"column":39}},{"start":{},"end":{}}],"line":14},"3":{"loc":{"start":{"line":16,"column":4},"end":{"line":16,"column":79}},"type":"if","locations":[{"start":{"line":16,"column":4},"end":{"line":16,"column":79}},{"start":{},"end":{}}],"line":16},"4":{"loc":{"start":{"line":16,"column":8},"end":{"line":16,"column":66}},"type":"binary-expr","locations":[{"start":{"line":16,"column":8},"end":{"line":16,"column":16}},{"start":{"line":16,"column":20},"end":{"line":16,"column":28}},{"start":{"line":16,"column":32},"end":{"line":16,"column":37}},{"start":{"line":16,"column":41},"end":{"line":16,"column":47}},{"start":{"line":16,"column":51},"end":{"line":16,"column":56}},{"start":{"line":16,"column":60},"end":{"line":16,"column":66}}],"line":16},"5":{"loc":{"start":{"line":22,"column":4},"end":{"line":22,"column":80}},"type":"if","locations":[{"start":{"line":22,"column":4},"end":{"line":22,"column":80}},{"start":{},"end":{}}],"line":22},"6":{"loc":{"start":{"line":22,"column":8},"end":{"line":22,"column":68}},"type":"binary-expr","locations":[{"start":{"line":22,"column":8},"end":{"line":22,"column":35}},{"start":{"line":22,"column":39},"end":{"line":22,"column":53}},{"start":{"line":22,"column":57},"end":{"line":22,"column":68}}],"line":22},"7":{"loc":{"start":{"line":32,"column":4},"end":{"line":32,"column":47}},"type":"if","locations":[{"start":{"line":32,"column":4},"end":{"line":32,"column":47}},{"start":{},"end":{}}],"line":32},"8":{"loc":{"start":{"line":32,"column":8},"end":{"line":32,"column":34}},"type":"binary-expr","locations":[{"start":{"line":32,"column":8},"end":{"line":32,"column":20}},{"start":{"line":32,"column":24},"end":{"line":32,"column":34}}],"line":32},"9":{"loc":{"start":{"line":38,"column":4},"end":{"line":40,"column":5}},"type":"if","locations":[{"start":{"line":38,"column":4},"end":{"line":40,"column":5}},{"start":{},"end":{}}],"line":38},"10":{"loc":{"start":{"line":38,"column":8},"end":{"line":38,"column":63}},"type":"binary-expr","locations":[{"start":{"line":38,"column":8},"end":{"line":38,"column":13}},{"start":{"line":38,"column":17},"end":{"line":38,"column":41}},{"start":{"line":38,"column":45},"end":{"line":38,"column":63}}],"line":38},"11":{"loc":{"start":{"line":43,"column":4},"end":{"line":45,"column":5}},"type":"if","locations":[{"start":{"line":43,"column":4},"end":{"line":45,"column":5}},{"start":{},"end":{}}],"line":43},"12":{"loc":{"start":{"line":46,"column":4},"end":{"line":48,"column":5}},"type":"if","locations":[{"start":{"line":46,"column":4},"end":{"line":48,"column":5}},{"start":{},"end":{}}],"line":46},"13":{"loc":{"start":{"line":49,"column":4},"end":{"line":51,"column":5}},"type":"if","locations":[{"start":{"line":49,"column":4},"end":{"line":51,"column":5}},{"start":{},"end":{}}],"line":49},"14":{"loc":{"start":{"line":64,"column":6},"end":{"line":69,"column":7}},"type":"if","locations":[{"start":{"line":64,"column":6},"end":{"line":69,"column":7}},{"start":{},"end":{}}],"line":64},"15":{"loc":{"start":{"line":64,"column":10},"end":{"line":64,"column":50}},"type":"binary-expr","locations":[{"start":{"line":64,"column":10},"end":{"line":64,"column":28}},{"start":{"line":64,"column":32},"end":{"line":64,"column":50}}],"line":64},"16":{"loc":{"start":{"line":78,"column":4},"end":{"line":80,"column":5}},"type":"if","locations":[{"start":{"line":78,"column":4},"end":{"line":80,"column":5}},{"start":{},"end":{}}],"line":78},"17":{"loc":{"start":{"line":83,"column":4},"end":{"line":85,"column":5}},"type":"if","locations":[{"start":{"line":83,"column":4},"end":{"line":85,"column":5}},{"start":{},"end":{}}],"line":83},"18":{"loc":{"start":{"line":98,"column":4},"end":{"line":98,"column":67}},"type":"if","locations":[{"start":{"line":98,"column":4},"end":{"line":98,"column":67}},{"start":{},"end":{}}],"line":98},"19":{"loc":{"start":{"line":98,"column":8},"end":{"line":98,"column":52}},"type":"binary-expr","locations":[{"start":{"line":98,"column":8},"end":{"line":98,"column":17}},{"start":{"line":98,"column":21},"end":{"line":98,"column":52}}],"line":98},"20":{"loc":{"start":{"line":111,"column":19},"end":{"line":111,"column":40}},"type":"default-arg","locations":[{"start":{"line":111,"column":33},"end":{"line":111,"column":40}}],"line":111},"21":{"loc":{"start":{"line":111,"column":42},"end":{"line":111,"column":61}},"type":"default-arg","locations":[{"start":{"line":111,"column":54},"end":{"line":111,"column":61}}],"line":111},"22":{"loc":{"start":{"line":120,"column":6},"end":{"line":126,"column":7}},"type":"if","locations":[{"start":{"line":120,"column":6},"end":{"line":126,"column":7}},{"start":{},"end":{}}],"line":120},"23":{"loc":{"start":{"line":130,"column":4},"end":{"line":136,"column":5}},"type":"if","locations":[{"start":{"line":130,"column":4},"end":{"line":136,"column":5}},{"start":{},"end":{}}],"line":130},"24":{"loc":{"start":{"line":150,"column":20},"end":{"line":150,"column":40}},"type":"cond-expr","locations":[{"start":{"line":150,"column":33},"end":{"line":150,"column":34}},{"start":{"line":150,"column":37},"end":{"line":150,"column":40}}],"line":150}},"s":{"0":24,"1":130,"2":2,"3":128,"4":128,"5":2,"6":126,"7":126,"8":1,"9":125,"10":11,"11":2,"12":9,"13":9,"14":9,"15":6,"16":6,"17":6,"18":0,"19":6,"20":21,"21":2,"22":19,"23":19,"24":19,"25":1,"26":18,"27":0,"28":18,"29":1,"30":17,"31":19,"32":19,"33":19,"34":10,"35":10,"36":10,"37":2,"38":17,"39":17,"40":17,"41":1,"42":16,"43":16,"44":0,"45":16,"46":16,"47":3,"48":2,"49":1,"50":1,"51":3,"52":4,"53":1,"54":1,"55":1,"56":1,"57":1,"58":2,"59":2,"60":2,"61":2,"62":2,"63":1,"64":1,"65":1,"66":5,"67":3,"68":3,"69":3,"70":1,"71":1,"72":1},"f":{"0":24,"1":130,"2":11,"3":6,"4":21,"5":19,"6":17,"7":3,"8":3,"9":4,"10":1,"11":5,"12":3,"13":3,"14":1,"15":1},"b":{"0":[2,128],"1":[130,128],"2":[2,126],"3":[1,125],"4":[126,126,126,126,125,125],"5":[2,9],"6":[11,11,10],"7":[0,6],"8":[6,6],"9":[2,19],"10":[21,19,19],"11":[1,18],"12":[0,18],"13":[1,17],"14":[2,8],"15":[10,3],"16":[1,16],"17":[0,16],"18":[2,1],"19":[3,2],"20":[0],"21":[0],"22":[2,0],"23":[1,0],"24":[0,3]},"_coverageSchema":"1a1c01bbd47fc00a2c39e90264f33305004495a9","hash":"9b9fbf32dd0ba79a53e3b000d7e783fda023aa9d"}
}
