TN:
SF:models\Place.js
FN:18,(anonymous_0)
FN:31,(anonymous_1)
FN:43,(anonymous_2)
FN:48,(anonymous_3)
FN:49,(anonymous_4)
FN:52,(anonymous_5)
FN:62,(anonymous_6)
FN:68,(anonymous_7)
FN:75,(anonymous_8)
FN:84,(anonymous_9)
FN:91,(anonymous_10)
FN:100,(anonymous_11)
FN:123,(anonymous_12)
FNF:13
FNH:13
FNDA:18,(anonymous_0)
FNDA:8,(anonymous_1)
FNDA:3,(anonymous_2)
FNDA:7,(anonymous_3)
FNDA:25,(anonymous_4)
FNDA:24,(anonymous_5)
FNDA:4,(anonymous_6)
FNDA:2,(anonymous_7)
FNDA:3,(anonymous_8)
FNDA:24,(anonymous_9)
FNDA:10,(anonymous_10)
FNDA:2,(anonymous_11)
FNDA:1,(anonymous_12)
DA:19,18
DA:20,18
DA:21,18
DA:22,18
DA:23,18
DA:24,18
DA:25,18
DA:26,18
DA:27,18
DA:32,8
DA:44,3
DA:49,25
DA:50,1
DA:52,24
DA:53,6
DA:54,6
DA:56,6
DA:58,6
DA:63,4
DA:64,3
DA:69,2
DA:70,2
DA:71,2
DA:76,3
DA:77,2
DA:78,1
DA:80,1
DA:85,24
DA:86,24
DA:87,24
DA:92,10
DA:93,10
DA:94,8
DA:95,5
DA:96,3
DA:101,2
DA:102,2
DA:104,2
DA:106,1
DA:107,1
DA:109,1
DA:124,1
DA:138,1
LF:43
LH:43
BRDA:18,0,0,5
BRDA:19,1,0,18
BRDA:19,1,1,15
BRDA:21,2,0,18
BRDA:21,2,1,9
BRDA:22,3,0,18
BRDA:22,3,1,9
BRDA:23,4,0,18
BRDA:23,4,1,16
BRDA:24,5,0,18
BRDA:24,5,1,13
BRDA:25,6,0,18
BRDA:25,6,1,14
BRDA:26,7,0,18
BRDA:26,7,1,16
BRDA:27,8,0,18
BRDA:27,8,1,17
BRDA:33,9,0,8
BRDA:33,9,1,6
BRDA:33,9,2,6
BRDA:33,9,3,6
BRDA:33,9,4,6
BRDA:33,9,5,6
BRDA:33,9,6,5
BRDA:33,9,7,5
BRDA:44,10,0,3
BRDA:44,10,1,2
BRDA:44,10,2,2
BRDA:44,10,3,2
BRDA:49,11,0,1
BRDA:49,11,1,6
BRDA:49,12,0,25
BRDA:49,12,1,24
BRDA:63,13,0,1
BRDA:63,13,1,3
BRDA:70,14,0,0
BRDA:70,14,1,2
BRDA:75,15,0,3
BRDA:76,16,0,1
BRDA:76,16,1,2
BRDA:77,17,0,1
BRDA:77,17,1,1
BRDA:86,18,0,24
BRDA:86,18,1,17
BRDA:87,19,0,6
BRDA:87,19,1,18
BRDA:92,20,0,10
BRDA:92,20,1,1
BRDA:93,21,0,2
BRDA:93,21,1,8
BRDA:93,22,0,10
BRDA:93,22,1,9
BRDA:94,23,0,3
BRDA:94,23,1,5
BRDA:94,24,0,8
BRDA:94,24,1,7
BRDA:94,24,2,6
BRDA:95,25,0,2
BRDA:95,25,1,3
BRDA:95,26,0,5
BRDA:95,26,1,4
BRDA:95,26,2,4
BRDA:104,27,0,1
BRDA:104,27,1,1
BRDA:104,28,0,2
BRDA:104,28,1,1
BRDA:107,29,0,1
BRDA:107,29,1,0
BRDA:110,30,0,1
BRDA:110,30,1,0
BRDA:114,31,0,1
BRDA:114,31,1,0
BRDA:115,32,0,1
BRDA:115,32,1,0
BRDA:117,33,0,1
BRDA:117,33,1,0
BRDA:118,34,0,1
BRDA:118,34,1,1
BRF:78
BRH:72
end_of_record
TN:
SF:models\SearchQuery.js
FN:23,(anonymous_0)
FN:31,(anonymous_1)
FN:42,(anonymous_2)
FN:53,(anonymous_3)
FN:64,(anonymous_4)
FN:69,(anonymous_5)
FN:75,(anonymous_6)
FN:89,(anonymous_7)
FNF:8
FNH:8
FNDA:26,(anonymous_0)
FNDA:13,(anonymous_1)
FNDA:11,(anonymous_2)
FNDA:4,(anonymous_3)
FNDA:6,(anonymous_4)
FNDA:3,(anonymous_5)
FNDA:2,(anonymous_6)
FNDA:1,(anonymous_7)
DA:6,1
DA:7,1
DA:8,1
DA:24,26
DA:25,26
DA:26,26
DA:27,26
DA:32,13
DA:43,11
DA:54,4
DA:55,4
DA:56,4
DA:57,4
DA:65,6
DA:70,3
DA:71,2
DA:76,2
DA:77,2
DA:79,1
DA:90,1
DA:99,1
LF:21
LH:21
BRDA:23,0,0,4
BRDA:24,1,0,26
BRDA:24,1,1,16
BRDA:25,2,0,26
BRDA:25,2,1,17
BRDA:26,3,0,26
BRDA:26,3,1,24
BRDA:27,4,0,8
BRDA:27,4,1,18
BRDA:33,5,0,13
BRDA:33,5,1,9
BRDA:33,5,2,9
BRDA:33,5,3,9
BRDA:33,5,4,8
BRDA:44,6,0,11
BRDA:44,6,1,8
BRDA:44,6,2,8
BRDA:44,6,3,8
BRDA:44,6,4,8
BRDA:55,7,0,2
BRDA:55,7,1,2
BRDA:56,8,0,2
BRDA:56,8,1,2
BRDA:65,9,0,6
BRDA:65,9,1,0
BRDA:70,10,0,1
BRDA:70,10,1,2
BRDA:70,11,0,3
BRDA:70,11,1,2
BRDA:77,12,0,1
BRDA:77,12,1,1
BRF:31
BRH:30
end_of_record
TN:
SF:models\TripPlanner.js
FN:6,(anonymous_0)
FN:11,(anonymous_1)
FN:21,(anonymous_2)
FN:29,(anonymous_3)
FN:37,(anonymous_4)
FN:56,(anonymous_5)
FN:76,(anonymous_6)
FN:97,(anonymous_7)
FN:104,(anonymous_8)
FN:106,(anonymous_9)
FN:111,(anonymous_10)
FN:142,(anonymous_11)
FN:147,(anonymous_12)
FN:148,(anonymous_13)
FN:155,(anonymous_14)
FN:160,(anonymous_15)
FNF:16
FNH:16
FNDA:24,(anonymous_0)
FNDA:130,(anonymous_1)
FNDA:11,(anonymous_2)
FNDA:6,(anonymous_3)
FNDA:21,(anonymous_4)
FNDA:19,(anonymous_5)
FNDA:17,(anonymous_6)
FNDA:3,(anonymous_7)
FNDA:3,(anonymous_8)
FNDA:4,(anonymous_9)
FNDA:1,(anonymous_10)
FNDA:5,(anonymous_11)
FNDA:3,(anonymous_12)
FNDA:3,(anonymous_13)
FNDA:1,(anonymous_14)
FNDA:1,(anonymous_15)
DA:7,24
DA:12,130
DA:13,128
DA:14,128
DA:15,126
DA:16,126
DA:17,125
DA:22,11
DA:23,9
DA:24,9
DA:25,9
DA:30,6
DA:31,6
DA:32,6
DA:33,6
DA:38,21
DA:39,2
DA:41,19
DA:42,19
DA:43,19
DA:44,1
DA:46,18
DA:47,0
DA:49,18
DA:50,1
DA:52,17
DA:57,19
DA:58,19
DA:60,19
DA:61,10
DA:62,10
DA:64,10
DA:65,2
DA:72,17
DA:77,17
DA:78,17
DA:79,1
DA:82,16
DA:83,16
DA:84,0
DA:87,16
DA:93,16
DA:98,3
DA:99,1
DA:100,1
DA:105,3
DA:106,4
DA:112,1
DA:113,1
DA:114,1
DA:115,1
DA:117,1
DA:118,2
DA:119,2
DA:120,2
DA:121,2
DA:127,2
DA:130,1
DA:131,1
DA:138,1
DA:143,5
DA:148,3
DA:149,3
DA:150,3
DA:156,1
DA:161,1
DA:169,1
LF:67
LH:65
BRDA:12,0,0,2
BRDA:12,0,1,128
BRDA:12,1,0,130
BRDA:12,1,1,128
BRDA:14,2,0,2
BRDA:14,2,1,126
BRDA:16,3,0,1
BRDA:16,3,1,125
BRDA:16,4,0,126
BRDA:16,4,1,126
BRDA:16,4,2,126
BRDA:16,4,3,126
BRDA:16,4,4,125
BRDA:16,4,5,125
BRDA:22,5,0,2
BRDA:22,5,1,9
BRDA:22,6,0,11
BRDA:22,6,1,11
BRDA:22,6,2,10
BRDA:32,7,0,0
BRDA:32,7,1,6
BRDA:32,8,0,6
BRDA:32,8,1,6
BRDA:38,9,0,2
BRDA:38,9,1,19
BRDA:38,10,0,21
BRDA:38,10,1,19
BRDA:38,10,2,19
BRDA:43,11,0,1
BRDA:43,11,1,18
BRDA:46,12,0,0
BRDA:46,12,1,18
BRDA:49,13,0,1
BRDA:49,13,1,17
BRDA:64,14,0,2
BRDA:64,14,1,8
BRDA:64,15,0,10
BRDA:64,15,1,3
BRDA:78,16,0,1
BRDA:78,16,1,16
BRDA:83,17,0,0
BRDA:83,17,1,16
BRDA:98,18,0,2
BRDA:98,18,1,1
BRDA:98,19,0,3
BRDA:98,19,1,2
BRDA:111,20,0,0
BRDA:111,21,0,0
BRDA:120,22,0,2
BRDA:120,22,1,0
BRDA:130,23,0,1
BRDA:130,23,1,0
BRDA:150,24,0,0
BRDA:150,24,1,3
BRF:54
BRH:46
end_of_record
